<?xml version="1.0" encoding="UTF-8"?>
<!-- Generated by org.testng.reporters.JUnitReportReporter -->
<testsuite skipped="2" hostname="NBSG03485F" name="Practice.AppiumFramework.Demo2" tests="3" failures="0" timestamp="2020-12-27T17:41:26 IST" time="35.829" errors="0">
  <testcase name="TC03" time="35.829" classname="Practice.AppiumFramework.Demo2"/>
  <system-out/>
  <testcase name="TC02" classname="Practice.AppiumFramework.Demo2">
    <skipped/>
  </testcase> <!-- TC02 -->
  <system-out/>
  <testcase name="TC01" classname="Practice.AppiumFramework.Demo2">
    <skipped/>
  </testcase> <!-- TC01 -->
  <system-out/>
</testsuite> <!-- Practice.AppiumFramework.Demo2 -->
